<?xml version="1.0" encoding="utf-8"?><testsuites name="pytest tests"><testsuite name="pytest" errors="0" failures="0" skipped="0" tests="20" time="4.599" timestamp="2026-09-13T18:00:13.350690+00:00" hostname="runnervmlun5p"><testcase classname="tests.test_api" name="test_auth_stores_hashes_and_logout_revokes_token" time="0.924" /><testcase classname="tests.test_api" name="test_expired_and_missing_sessions_are_rejected" time="0.151" /><testcase classname="tests.test_api" name="test_search_filters_distance_availability_and_allows_adjacent_booking" time="0.270" /><testcase classname="tests.test_api" name="test_idempotency_and_cancellation_do_not_resurrect_reservations" time="0.269" /><testcase classname="tests.test_api" name="test_account_boundaries_and_listing_deactivation" time="0.362" /><testcase classname="tests.test_api" name="test_eight_competing_customers_commit_exactly_one_booking" time="1.081" /><testcase classname="tests.test_api" name="test_concurrent_retries_commit_once" time="0.284" /><testcase classname="tests.test_api" name="test_failed_insert_can_be_retried_without_consuming_key" time="0.260" /><testcase classname="tests.test_api" name="test_bad_interval_and_past_booking_are_rejected" time="0.254" /><testcase classname="tests.test_api" name="test_request_cannot_choose_another_customer_or_omit_retry_key" time="0.250" /><testcase classname="tests.test_api" name="test_database_duration_limit_is_elapsed_time_across_dst" time="0.247" /><testcase classname="tests.test_api" name="test_changed_applied_migration_fails_without_touching_schema" time="0.113" /><testcase classname="tests.test_domain" name="test_price_rounds_up_to_whole_cents_without_float_error" time="0.001" /><testcase classname="tests.test_domain" name="test_fall_back_hour_is_billed_by_elapsed_time" time="0.005" /><testcase classname="tests.test_domain" name="test_invalid_interval[0]" time="0.001" /><testcase classname="tests.test_domain" name="test_invalid_interval[-1]" time="0.001" /><testcase classname="tests.test_domain" name="test_invalid_interval[43201]" time="0.001" /><testcase classname="tests.test_domain" name="test_timezone_is_required" time="0.001" /><testcase classname="tests.test_domain" name="test_plaintext_password_is_not_echoed_in_validation_errors" time="0.005" /><testcase classname="tests.test_domain" name="test_invalid_credentials_and_coordinates" time="0.033" /></testsuite></testsuites>