<?xml version="1.0" encoding="utf-8"?><testsuites name="pytest tests"><testsuite name="pytest" errors="0" failures="0" skipped="0" tests="29" time="7.391" timestamp="2026-09-13T20:08:53.195981+00:00" hostname="runnervmlun5p"><testcase classname="tests.test_api" name="test_auth_stores_hashes_and_logout_revokes_token" time="0.886" /><testcase classname="tests.test_api" name="test_expired_and_missing_sessions_are_rejected" time="0.160" /><testcase classname="tests.test_api" name="test_search_filters_distance_availability_and_allows_adjacent_booking" time="0.275" /><testcase classname="tests.test_api" name="test_idempotency_and_cancellation_do_not_resurrect_reservations" time="0.282" /><testcase classname="tests.test_api" name="test_account_boundaries_and_listing_deactivation" time="0.431" /><testcase classname="tests.test_api" name="test_eight_competing_customers_commit_exactly_one_booking" time="1.015" /><testcase classname="tests.test_api" name="test_concurrent_retries_commit_once" time="0.306" /><testcase classname="tests.test_api" name="test_failed_insert_can_be_retried_without_consuming_key" time="0.271" /><testcase classname="tests.test_api" name="test_bad_interval_and_past_booking_are_rejected" time="0.302" /><testcase classname="tests.test_api" name="test_request_cannot_choose_another_customer_or_omit_retry_key" time="0.255" /><testcase classname="tests.test_api" name="test_database_duration_limit_is_elapsed_time_across_dst" time="0.268" /><testcase classname="tests.test_api" name="test_changed_applied_migration_fails_without_touching_schema" time="0.079" /><testcase classname="tests.test_browser_and_payments" name="test_browser_cookie_session_requires_origin_and_never_returns_token" time="0.160" /><testcase classname="tests.test_browser_and_payments" name="test_auth_limit_and_request_size" time="0.242" /><testcase classname="tests.test_browser_and_payments" name="test_host_views_do_not_expose_other_owners" time="0.434" /><testcase classname="tests.test_browser_and_payments" name="test_paid_webhook_is_verified_idempotent_and_does_not_regress" time="0.321" /><testcase classname="tests.test_browser_and_payments" name="test_expired_hold_releases_space_and_late_payment_queues_refund" time="0.325" /><testcase classname="tests.test_browser_and_payments" name="test_cancelled_paid_booking_refund_retries_with_same_key" time="0.287" /><testcase classname="tests.test_browser_and_payments" name="test_checkout_retry_uses_stored_price_and_stable_request" time="0.268" /><testcase classname="tests.test_browser_and_payments" name="test_cancel_before_payment_is_compensated" time="0.270" /><testcase classname="tests.test_domain" name="test_price_rounds_up_to_whole_cents_without_float_error" time="0.001" /><testcase classname="tests.test_domain" name="test_fall_back_hour_is_billed_by_elapsed_time" time="0.007" /><testcase classname="tests.test_domain" name="test_invalid_interval[0]" time="0.001" /><testcase classname="tests.test_domain" name="test_invalid_interval[-1]" time="0.001" /><testcase classname="tests.test_domain" name="test_invalid_interval[43201]" time="0.001" /><testcase classname="tests.test_domain" name="test_timezone_is_required" time="0.000" /><testcase classname="tests.test_domain" name="test_plaintext_password_is_not_echoed_in_validation_errors" time="0.005" /><testcase classname="tests.test_domain" name="test_invalid_credentials_and_coordinates" time="0.000" /><testcase classname="tests.test_runtime_role" name="test_runtime_role_books_but_cannot_change_schema" time="0.416" /></testsuite></testsuites>